<?xml version="1.0" encoding="UTF-8"?>
<!-- Generated by org.testng.reporters.JUnitXMLReporter -->
<testsuite ignored="0" hostname="BISWA-FF" failures="0" tests="3" name="Default test" time="24.765" errors="0" timestamp="2026-09-06T20:53:13 IST">
  <testcase classname="tests.LoginTest" name="loginTest" time="2.02"/>
  <testcase classname="tests.LoginTest" name="loginTest" time="11.733"/>
  <testcase classname="tests.LoginTest" name="loginTest" time="1.452"/>
</testsuite> <!-- Default test -->
