<?xml version="1.0" encoding="UTF-8"?>
<testng-results ignored="0" total="3" passed="3" failed="0" skipped="0">
  <reporter-output>
  </reporter-output>
  <suite started-at="2026-09-06T20:52:48 IST" name="Default suite" finished-at="2026-09-06T20:53:13 IST" duration-ms="24765">
    <groups>
    </groups>
    <test started-at="2026-09-06T20:52:48 IST" name="Default test" finished-at="2026-09-06T20:53:13 IST" duration-ms="24765">
      <class name="tests.LoginTest">
        <test-method is-config="true" signature="setUp()[pri:0, instance:tests.LoginTest@77888435]" started-at="2026-09-06T20:52:48 IST" name="setUp" finished-at="2026-09-06T20:52:52 IST" duration-ms="3369" status="PASS">
          <reporter-output>
          </reporter-output>
        </test-method> <!-- setUp -->
        <test-method signature="loginTest(java.lang.String,java.lang.String,java.lang.String)[pri:0, instance:tests.LoginTest@77888435]" started-at="2026-09-06T20:52:52 IST" name="loginTest" data-provider="loginData" finished-at="2026-09-06T20:52:54 IST" duration-ms="2020" status="PASS">
          <params>
            <param index="0">
              <value>
                <![CDATA[biswaz3111@gmail.com]]>
              </value>
            </param>
            <param index="1">
              <value>
                <![CDATA[Biswa@339]]>
              </value>
            </param>
            <param index="2">
              <value>
                <![CDATA[Valid]]>
              </value>
            </param>
          </params>
          <reporter-output>
          </reporter-output>
        </test-method> <!-- loginTest -->
        <test-method is-config="true" signature="tearDown()[pri:0, instance:tests.LoginTest@77888435]" started-at="2026-09-06T20:52:54 IST" name="tearDown" finished-at="2026-09-06T20:52:54 IST" duration-ms="201" status="PASS">
          <reporter-output>
          </reporter-output>
        </test-method> <!-- tearDown -->
        <test-method is-config="true" signature="setUp()[pri:0, instance:tests.LoginTest@77888435]" started-at="2026-09-06T20:52:54 IST" name="setUp" finished-at="2026-09-06T20:52:57 IST" duration-ms="2837" status="PASS">
          <reporter-output>
          </reporter-output>
        </test-method> <!-- setUp -->
        <test-method signature="loginTest(java.lang.String,java.lang.String,java.lang.String)[pri:0, instance:tests.LoginTest@77888435]" started-at="2026-09-06T20:52:57 IST" name="loginTest" data-provider="loginData" finished-at="2026-09-06T20:53:08 IST" duration-ms="11733" status="PASS">
          <params>
            <param index="0">
              <value>
                <![CDATA[biswaz3111@gmail.com]]>
              </value>
            </param>
            <param index="1">
              <value>
                <![CDATA[wrongPassword]]>
              </value>
            </param>
            <param index="2">
              <value>
                <![CDATA[Invalid]]>
              </value>
            </param>
          </params>
          <reporter-output>
          </reporter-output>
        </test-method> <!-- loginTest -->
        <test-method is-config="true" signature="tearDown()[pri:0, instance:tests.LoginTest@77888435]" started-at="2026-09-06T20:53:08 IST" name="tearDown" finished-at="2026-09-06T20:53:09 IST" duration-ms="184" status="PASS">
          <reporter-output>
          </reporter-output>
        </test-method> <!-- tearDown -->
        <test-method is-config="true" signature="setUp()[pri:0, instance:tests.LoginTest@77888435]" started-at="2026-09-06T20:53:09 IST" name="setUp" finished-at="2026-09-06T20:53:11 IST" duration-ms="2759" status="PASS">
          <reporter-output>
          </reporter-output>
        </test-method> <!-- setUp -->
        <test-method signature="loginTest(java.lang.String,java.lang.String,java.lang.String)[pri:0, instance:tests.LoginTest@77888435]" started-at="2026-09-06T20:53:11 IST" name="loginTest" data-provider="loginData" finished-at="2026-09-06T20:53:13 IST" duration-ms="1452" status="PASS">
          <params>
            <param index="0">
              <value>
                <![CDATA[wrong@email.com]]>
              </value>
            </param>
            <param index="1">
              <value>
                <![CDATA[Biswa@339]]>
              </value>
            </param>
            <param index="2">
              <value>
                <![CDATA[Invalid]]>
              </value>
            </param>
          </params>
          <reporter-output>
          </reporter-output>
        </test-method> <!-- loginTest -->
        <test-method is-config="true" signature="tearDown()[pri:0, instance:tests.LoginTest@77888435]" started-at="2026-09-06T20:53:13 IST" name="tearDown" finished-at="2026-09-06T20:53:13 IST" duration-ms="159" status="PASS">
          <reporter-output>
          </reporter-output>
        </test-method> <!-- tearDown -->
      </class> <!-- tests.LoginTest -->
    </test> <!-- Default test -->
  </suite> <!-- Default suite -->
</testng-results>
