<?xml version="1.0" encoding="UTF-8"?>
<!-- Generated by org.testng.reporters.JUnitXMLReporter -->
<testsuite ignored="0" hostname="BISWA-FF" failures="5" tests="8" name="Surefire test" time="65.698" errors="0" timestamp="2026-09-06T20:52:36 IST">
  <testcase classname="tests.AddCustomerTest" name="addCustomerTest" time="1.473">
    <failure type="java.lang.IllegalArgumentException" message="Keys to send must be set">
      <![CDATA[java.lang.IllegalArgumentException: Keys to send must be set
at org.openqa.selenium.internal.Require.nonNull(Require.java:68)
at org.openqa.selenium.remote.RemoteWebElement.sendKeys(RemoteWebElement.java:99)
at pages.LoginPage.enterPassword(LoginPage.java:49)
at tests.AddCustomerTest.addCustomerTest(AddCustomerTest.java:33)
at java.base/java.util.ArrayList.forEach(ArrayList.java:1596)
... Removed 30 stack frames]]>
    </failure>
  </testcase> <!-- addCustomerTest -->
  <testcase classname="tests.AddCustomerTest" name="addCustomerTest" time="1.326">
    <failure type="java.lang.IllegalArgumentException" message="Keys to send must be set">
      <![CDATA[java.lang.IllegalArgumentException: Keys to send must be set
at org.openqa.selenium.internal.Require.nonNull(Require.java:68)
at org.openqa.selenium.remote.RemoteWebElement.sendKeys(RemoteWebElement.java:99)
at pages.LoginPage.enterPassword(LoginPage.java:49)
at tests.AddCustomerTest.addCustomerTest(AddCustomerTest.java:33)
at java.base/java.util.ArrayList.forEach(ArrayList.java:1596)
... Removed 30 stack frames]]>
    </failure>
  </testcase> <!-- addCustomerTest -->
  <testcase classname="tests.AddCustomerTest" name="addCustomerTest" time="1.464">
    <failure type="java.lang.IllegalArgumentException" message="Keys to send must be set">
      <![CDATA[java.lang.IllegalArgumentException: Keys to send must be set
at org.openqa.selenium.internal.Require.nonNull(Require.java:68)
at org.openqa.selenium.remote.RemoteWebElement.sendKeys(RemoteWebElement.java:99)
at pages.LoginPage.enterPassword(LoginPage.java:49)
at tests.AddCustomerTest.addCustomerTest(AddCustomerTest.java:33)
at java.base/java.util.ArrayList.forEach(ArrayList.java:1596)
... Removed 30 stack frames]]>
    </failure>
  </testcase> <!-- addCustomerTest -->
  <testcase classname="tests.AddCustomerTest" name="addCustomerTest" time="0.957">
    <failure type="java.lang.IllegalArgumentException" message="Keys to send must be set">
      <![CDATA[java.lang.IllegalArgumentException: Keys to send must be set
at org.openqa.selenium.internal.Require.nonNull(Require.java:68)
at org.openqa.selenium.remote.RemoteWebElement.sendKeys(RemoteWebElement.java:99)
at pages.LoginPage.enterPassword(LoginPage.java:49)
at tests.AddCustomerTest.addCustomerTest(AddCustomerTest.java:33)
at java.base/java.util.ArrayList.forEach(ArrayList.java:1596)
... Removed 30 stack frames]]>
    </failure>
  </testcase> <!-- addCustomerTest -->
  <testcase classname="tests.LoginTest" name="loginTest" time="1.537"/>
  <testcase classname="tests.LoginTest" name="loginTest" time="11.663"/>
  <testcase classname="tests.LoginTest" name="loginTest" time="1.537"/>
  <testcase classname="tests.PunchInToastTest" name="punchInToastTest" time="11.136">
    <failure type="java.lang.AssertionError" message="Sign In button was not enabled expected [true] but found [false]">
      <![CDATA[java.lang.AssertionError: Sign In button was not enabled expected [true] but found [false]
at tests.PunchInToastTest.punchInToastTest(PunchInToastTest.java:23)
at java.base/java.util.ArrayList.forEach(ArrayList.java:1596)
... Removed 33 stack frames]]>
    </failure>
  </testcase> <!-- punchInToastTest -->
</testsuite> <!-- Surefire test -->
