<?xml version="1.0" encoding="UTF-8"?>
<!-- Generated by org.testng.reporters.JUnitReportReporter -->
<testsuite hostname="BISWA-FF" failures="0" tests="3" name="tests.LoginTest" time="24.714" errors="0" timestamp="2026-09-06T20:53:13 IST" skipped="0">
  <testcase classname="tests.LoginTest" name="loginTest" time="15.261"/>
  <testcase classname="tests.LoginTest" name="loginTest" time="4.980"/>
  <testcase classname="tests.LoginTest" name="loginTest" time="4.473"/>
</testsuite> <!-- tests.LoginTest -->
