<?xml version="1.0" encoding="UTF-8"?>
<!-- Generated by org.testng.reporters.JUnitReportReporter -->
<testsuite hostname="BISWA-FF" failures="0" tests="3" name="tests.LoginTest" time="24.263" errors="0" timestamp="2026-09-06T20:52:36 IST" skipped="0">
  <testcase classname="tests.LoginTest" name="loginTest" time="4.665"/>
  <testcase classname="tests.LoginTest" name="loginTest" time="15.238"/>
  <testcase classname="tests.LoginTest" name="loginTest" time="4.360"/>
</testsuite> <!-- tests.LoginTest -->
